mode: set
github.com/ranecsutu/bookings/internal/handlers/handlers.go:24.47,28.2 1 1
github.com/ranecsutu/bookings/internal/handlers/handlers.go:31.33,33.2 1 1
github.com/ranecsutu/bookings/internal/handlers/handlers.go:36.67,41.2 3 1
github.com/ranecsutu/bookings/internal/handlers/handlers.go:44.68,56.2 5 1
github.com/ranecsutu/bookings/internal/handlers/handlers.go:59.74,67.2 4 1
github.com/ranecsutu/bookings/internal/handlers/handlers.go:70.78,72.16 2 1
github.com/ranecsutu/bookings/internal/handlers/handlers.go:77.2,90.19 6 1
github.com/ranecsutu/bookings/internal/handlers/handlers.go:100.2,101.65 2 1
github.com/ranecsutu/bookings/internal/handlers/handlers.go:72.16,75.3 2 0
github.com/ranecsutu/bookings/internal/handlers/handlers.go:90.19,98.3 4 0
github.com/ranecsutu/bookings/internal/handlers/handlers.go:105.71,107.2 1 1
github.com/ranecsutu/bookings/internal/handlers/handlers.go:110.69,112.2 1 1
github.com/ranecsutu/bookings/internal/handlers/handlers.go:115.75,117.2 1 1
github.com/ranecsutu/bookings/internal/handlers/handlers.go:120.79,125.2 3 1
github.com/ranecsutu/bookings/internal/handlers/handlers.go:133.79,140.16 3 1
github.com/ranecsutu/bookings/internal/handlers/handlers.go:144.2,145.14 2 1
github.com/ranecsutu/bookings/internal/handlers/handlers.go:140.16,142.3 1 0
github.com/ranecsutu/bookings/internal/handlers/handlers.go:149.70,151.2 1 1
github.com/ranecsutu/bookings/internal/handlers/handlers.go:153.80,155.9 2 1
github.com/ranecsutu/bookings/internal/handlers/handlers.go:162.2,168.4 4 0
github.com/ranecsutu/bookings/internal/handlers/handlers.go:155.9,160.3 4 1
